<?xml version="1.0" encoding="UTF-8"?>
<testng-results skipped="0" failed="0" ignored="0" total="1" passed="1">
  <reporter-output>
  </reporter-output>
  <suite name="Default suite" duration-ms="27453" started-at="2019-04-11T06:30:07Z" finished-at="2019-04-11T06:30:35Z">
    <groups>
      <group name="cucumber">
        <method signature="AbstractTestNGCucumberTests.runScenario(cucumber.api.testng.PickleEventWrapper, cucumber.api.testng.CucumberFeatureWrapper)[pri:0, instance:runner.RunTest@13805618]" name="runScenario" class="cucumber.api.testng.AbstractTestNGCucumberTests"/>
      </group> <!-- cucumber -->
    </groups>
    <test name="Default test" duration-ms="27453" started-at="2019-04-11T06:30:07Z" finished-at="2019-04-11T06:30:35Z">
      <class name="runner.RunTest">
        <test-method status="PASS" signature="setUpClass()[pri:0, instance:runner.RunTest@13805618]" name="setUpClass" is-config="true" duration-ms="89" started-at="2019-04-11T06:30:07Z" finished-at="2019-04-11T06:30:07Z">
          <reporter-output>
          </reporter-output>
        </test-method> <!-- setUpClass -->
        <test-method status="PASS" signature="runScenario(cucumber.api.testng.PickleEventWrapper, cucumber.api.testng.CucumberFeatureWrapper)[pri:0, instance:runner.RunTest@13805618]" name="runScenario" duration-ms="27313" started-at="2019-04-11T06:30:07Z" description="Runs Cucumber Scenarios" data-provider="scenarios" finished-at="2019-04-11T06:30:35Z">
          <params>
            <param index="0">
              <value>
                <![CDATA["TC02 Edit Lead"]]>
              </value>
            </param>
            <param index="1">
              <value>
                <![CDATA["Login and Create Lead"]]>
              </value>
            </param>
          </params>
          <reporter-output>
          </reporter-output>
        </test-method> <!-- runScenario -->
        <test-method status="PASS" signature="tearDownClass()[pri:0, instance:runner.RunTest@13805618]" name="tearDownClass" is-config="true" duration-ms="11" started-at="2019-04-11T06:30:35Z" finished-at="2019-04-11T06:30:35Z">
          <reporter-output>
          </reporter-output>
        </test-method> <!-- tearDownClass -->
      </class> <!-- runner.RunTest -->
    </test> <!-- Default test -->
  </suite> <!-- Default suite -->
</testng-results>
