<?xml version="1.0" encoding="UTF-8"?>
<!-- Generated by org.testng.reporters.JUnitXMLReporter -->
<testsuite hostname="DESKTOP-9LTQUQR" ignored="4" name="Test" tests="3" failures="0" timestamp="10 Mar 2019 06:15:09 GMT" time="42.833" errors="0">
  <testcase name="createLead" time="5.018" classname="Week5day1.CreateLead"/>
  <testcase name="createLead" time="5.106" classname="Week5day1.CreateLead"/>
  <testcase name="createLead" time="4.656" classname="Week5day1.CreateLead"/>
  <testcase name="mergelead" time="0.0" classname="Week5day1.MergeLead">
    <ignored/>
  </testcase> <!-- mergelead -->
  <testcase name="deleteLead" time="0.0" classname="Week5day1.DeleteLead">
    <ignored/>
  </testcase> <!-- deleteLead -->
  <testcase name="editLead" time="0.0" classname="Week5day1.EditLead">
    <ignored/>
  </testcase> <!-- editLead -->
  <testcase name="duplicateLead" time="0.0" classname="Week5day1.DuplicateLead">
    <ignored/>
  </testcase> <!-- duplicateLead -->
</testsuite> <!-- Test -->
